<?xml version="1.0" encoding="UTF-8"?>
<testsuite name="Revisar bandeja de salida" tests="1" skipped="0" failures="0" errors="0" timestamp="2019-10-21T22:45:19" hostname="Candado-PC" time="141.887">
  <properties/>
  <testcase name="Revision de bandeja de salida" classname="Revisar bandeja de salida" time="141.887"/>
  <system-out><![CDATA[]]></system-out>
  <system-err><![CDATA[oct 21, 2019 5:45:21 PM org.openqa.selenium.remote.DesiredCapabilities chrome
INFORMACIÓN: Using `new ChromeOptions()` is preferred to `DesiredCapabilities.chrome()`
Starting ChromeDriver 2.44.609538 (b655c5a60b0b544917107a59d4153d4bf78e1b90) on port 24481
Only local connections are allowed.
oct 21, 2019 5:46:01 PM org.openqa.selenium.remote.ProtocolHandshake createSession
INFORMACIÓN: Detected dialect: OSS
[Test worker] INFO net.serenitybdd.core.Serenity - 
        __    _____ _____ ____ _____   ____   _    ____  ____  _____ ____  
  _     \ \  |_   _| ____/ ___|_   _| |  _ \ / \  / ___|/ ___|| ____|  _ \ 
 (_)_____| |   | | |  _| \___ \ | |   | |_) / _ \ \___ \\___ \|  _| | | | |
  _|_____| |   | | | |___ ___) || |   |  __/ ___ \ ___) |___) | |___| |_| |
 (_)     | |   |_| |_____|____/ |_|   |_| /_/   \_\____/|____/|_____|____/ 
        /_/                                                                

TEST PASSED: Revision de bandeja de salida
----------------------------------------------------------------------------
]]></system-err>
</testsuite>
